<?xml version="1.0" encoding="UTF-8"?>
<!-- Generated by org.testng.reporters.JUnitReportReporter -->
<testsuite hostname="DESKTOP-AQB1ISA" failures="0" tests="2" name="GoogleTest" time="25.777" errors="0" timestamp="2025-08-30T17:02:38 IST" skipped="0">
  <testcase classname="GoogleTest" name="testGoogleTitle" time="15.932"/>
  <testcase classname="GoogleTest" name="testGoogleTitle" time="9.845"/>
</testsuite> <!-- GoogleTest -->
